2021-04-01 14:49:03 INFO  ********* Starting Test Execution. ***********
2021-04-01 14:49:09 INFO  ****************************
2021-04-01 14:49:09 INFO  Scenario : Create new Group scenario
2021-04-01 14:49:09 INFO  Scenario start time: 2021-04-01 14:49:09
2021-04-01 14:49:10 INFO  Launching web application URL: http://node-1.nginx.portal.da-1.clic.qa.aws.veriday.net/login
2021-04-01 14:49:22 INFO  Writing 'da.client.admin@veriday.com' into web-element: [[ChromeDriver: chrome on XP (904d772f7bf165a6ce5b82ef6b30cdfd)] -> xpath: //input[@id='A5755:loginForm:email']]
2021-04-01 14:49:22 INFO  Waiting for the element to be visible : [[ChromeDriver: chrome on XP (904d772f7bf165a6ce5b82ef6b30cdfd)] -> xpath: //input[@id='A5755:loginForm:email']]
2021-04-01 14:49:23 INFO  Writing 'Test12345' into web-element: [[ChromeDriver: chrome on XP (904d772f7bf165a6ce5b82ef6b30cdfd)] -> xpath: //input[@id='A5755:loginForm:password']]
2021-04-01 14:49:23 INFO  Waiting for the element to be visible : [[ChromeDriver: chrome on XP (904d772f7bf165a6ce5b82ef6b30cdfd)] -> xpath: //input[@id='A5755:loginForm:password']]
2021-04-01 14:49:24 INFO  Clicking on web-element: [[ChromeDriver: chrome on XP (904d772f7bf165a6ce5b82ef6b30cdfd)] -> xpath: //input[@id='A5755:loginForm:login']]
2021-04-01 14:49:24 INFO  Waiting for the element to be visible : [[ChromeDriver: chrome on XP (904d772f7bf165a6ce5b82ef6b30cdfd)] -> xpath: //input[@id='A5755:loginForm:login']]
2021-04-01 14:49:24 INFO  Waiting for the element to be clickable : [[ChromeDriver: chrome on XP (904d772f7bf165a6ce5b82ef6b30cdfd)] -> xpath: //input[@id='A5755:loginForm:login']]
2021-04-01 14:49:48 INFO  Clicked on web-element: [[ChromeDriver: chrome on XP (904d772f7bf165a6ce5b82ef6b30cdfd)] -> xpath: //input[@id='A5755:loginForm:login']]
2021-04-01 14:49:50 INFO  Clicking on web-element: [[ChromeDriver: chrome on XP (904d772f7bf165a6ce5b82ef6b30cdfd)] -> xpath: //h3[contains(text(),'Organizational Groups')]]
2021-04-01 14:49:50 INFO  Waiting for the element to be visible : [[ChromeDriver: chrome on XP (904d772f7bf165a6ce5b82ef6b30cdfd)] -> xpath: //h3[contains(text(),'Organizational Groups')]]
2021-04-01 14:49:50 INFO  Waiting for the element to be clickable : [[ChromeDriver: chrome on XP (904d772f7bf165a6ce5b82ef6b30cdfd)] -> xpath: //h3[contains(text(),'Organizational Groups')]]
2021-04-01 14:49:50 INFO  Clicked on web-element: [[ChromeDriver: chrome on XP (904d772f7bf165a6ce5b82ef6b30cdfd)] -> xpath: //h3[contains(text(),'Organizational Groups')]]
2021-04-01 14:50:07 INFO  Clicking on web-element: [[ChromeDriver: chrome on XP (904d772f7bf165a6ce5b82ef6b30cdfd)] -> xpath: //button[contains(text(),'+ New')]]
2021-04-01 14:50:07 INFO  Waiting for the element to be visible : [[ChromeDriver: chrome on XP (904d772f7bf165a6ce5b82ef6b30cdfd)] -> xpath: //button[contains(text(),'+ New')]]
2021-04-01 14:50:07 INFO  Waiting for the element to be clickable : [[ChromeDriver: chrome on XP (904d772f7bf165a6ce5b82ef6b30cdfd)] -> xpath: //button[contains(text(),'+ New')]]
2021-04-01 14:50:08 INFO  unknown error: Element <button class="btn btn-primary btn-add-new dropdown-toggle" data-toggle="dropdown" href="#">...</button> is not clickable at point (840, 203). Other element would receive the click: <div id="da-organizational-group-loader-container" class="span12" style="height: 780px;">...</div>
  (Session info: chrome=89.0.4389.90)
  (Driver info: chromedriver=2.35.528161 (5b82f2d2aae0ca24b877009200ced9065a772e73),platform=Windows NT 10.0.19042 x86_64) (WARNING: The server did not provide any stacktrace information)
Command duration or timeout: 38 milliseconds
Build info: version: '3.4.0', revision: 'unknown', time: 'unknown'
System info: host: 'DESKTOP-T371OBQ', ip: '192.168.113.21', os.name: 'Windows 10', os.arch: 'amd64', os.version: '10.0', java.version: '11.0.10'
Driver info: org.openqa.selenium.chrome.ChromeDriver
Capabilities [{applicationCacheEnabled=false, rotatable=false, mobileEmulationEnabled=false, networkConnectionEnabled=false, chrome={chromedriverVersion=2.35.528161 (5b82f2d2aae0ca24b877009200ced9065a772e73), userDataDir=C:\Users\SUMIT~1.SON\AppData\Local\Temp\scoped_dir3516_21580}, takesHeapSnapshot=true, pageLoadStrategy=normal, databaseEnabled=false, handlesAlerts=true, hasTouchScreen=false, version=89.0.4389.90, platform=XP, browserConnectionEnabled=false, nativeEvents=true, acceptSslCerts=false, acceptInsecureCerts=false, locationContextEnabled=true, webStorageEnabled=true, browserName=chrome, takesScreenshot=true, javascriptEnabled=true, cssSelectorsEnabled=true, setWindowRect=true, unexpectedAlertBehaviour=}]
Session ID: 904d772f7bf165a6ce5b82ef6b30cdfd
2021-04-01 14:50:12 ERROR Element could not be found. no such element: Unable to locate element: {"method":"class name","selector":"ext-el-mask"}
  (Session info: chrome=89.0.4389.90)
  (Driver info: chromedriver=2.35.528161 (5b82f2d2aae0ca24b877009200ced9065a772e73),platform=Windows NT 10.0.19042 x86_64) (WARNING: The server did not provide any stacktrace information)
Command duration or timeout: 4.08 seconds
For documentation on this error, please visit: http://seleniumhq.org/exceptions/no_such_element.html
Build info: version: '3.4.0', revision: 'unknown', time: 'unknown'
System info: host: 'DESKTOP-T371OBQ', ip: '192.168.113.21', os.name: 'Windows 10', os.arch: 'amd64', os.version: '10.0', java.version: '11.0.10'
Driver info: org.openqa.selenium.chrome.ChromeDriver
Capabilities [{applicationCacheEnabled=false, rotatable=false, mobileEmulationEnabled=false, networkConnectionEnabled=false, chrome={chromedriverVersion=2.35.528161 (5b82f2d2aae0ca24b877009200ced9065a772e73), userDataDir=C:\Users\SUMIT~1.SON\AppData\Local\Temp\scoped_dir3516_21580}, takesHeapSnapshot=true, pageLoadStrategy=normal, databaseEnabled=false, handlesAlerts=true, hasTouchScreen=false, version=89.0.4389.90, platform=XP, browserConnectionEnabled=false, nativeEvents=true, acceptSslCerts=false, acceptInsecureCerts=false, locationContextEnabled=true, webStorageEnabled=true, browserName=chrome, takesScreenshot=true, javascriptEnabled=true, cssSelectorsEnabled=true, setWindowRect=true, unexpectedAlertBehaviour=}]
Session ID: 904d772f7bf165a6ce5b82ef6b30cdfd
*** Element info: {Using=class name, value=ext-el-mask}
2021-04-01 14:50:12 INFO  Clicked on web-element: [[ChromeDriver: chrome on XP (904d772f7bf165a6ce5b82ef6b30cdfd)] -> xpath: //button[contains(text(),'+ New')]]
2021-04-01 14:50:12 INFO  Clicking on web-element: [[ChromeDriver: chrome on XP (904d772f7bf165a6ce5b82ef6b30cdfd)] -> xpath: //a[(text()='Group')]]
2021-04-01 14:50:12 INFO  Waiting for the element to be visible : [[ChromeDriver: chrome on XP (904d772f7bf165a6ce5b82ef6b30cdfd)] -> xpath: //a[(text()='Group')]]
2021-04-01 14:50:12 INFO  Waiting for the element to be clickable : [[ChromeDriver: chrome on XP (904d772f7bf165a6ce5b82ef6b30cdfd)] -> xpath: //a[(text()='Group')]]
2021-04-01 14:50:12 INFO  Clicked on web-element: [[ChromeDriver: chrome on XP (904d772f7bf165a6ce5b82ef6b30cdfd)] -> xpath: //a[(text()='Group')]]
2021-04-01 14:50:12 INFO  Clicking on web-element: [[ChromeDriver: chrome on XP (904d772f7bf165a6ce5b82ef6b30cdfd)] -> xpath: //input[@id='newGroupName']]
2021-04-01 14:50:12 INFO  Waiting for the element to be visible : [[ChromeDriver: chrome on XP (904d772f7bf165a6ce5b82ef6b30cdfd)] -> xpath: //input[@id='newGroupName']]
2021-04-01 14:50:12 INFO  Waiting for the element to be clickable : [[ChromeDriver: chrome on XP (904d772f7bf165a6ce5b82ef6b30cdfd)] -> xpath: //input[@id='newGroupName']]
2021-04-01 14:50:13 INFO  Clicked on web-element: [[ChromeDriver: chrome on XP (904d772f7bf165a6ce5b82ef6b30cdfd)] -> xpath: //input[@id='newGroupName']]
2021-04-01 14:50:13 INFO  Writing 'DrwtKU' into web-element: [[ChromeDriver: chrome on XP (904d772f7bf165a6ce5b82ef6b30cdfd)] -> xpath: //input[@id='newGroupName']]
2021-04-01 14:50:13 INFO  Waiting for the element to be visible : [[ChromeDriver: chrome on XP (904d772f7bf165a6ce5b82ef6b30cdfd)] -> xpath: //input[@id='newGroupName']]
2021-04-01 14:50:13 INFO  Clicking on web-element: [[ChromeDriver: chrome on XP (904d772f7bf165a6ce5b82ef6b30cdfd)] -> xpath: //button[contains(text(),'Save Changes')]]
2021-04-01 14:50:13 INFO  Waiting for the element to be visible : [[ChromeDriver: chrome on XP (904d772f7bf165a6ce5b82ef6b30cdfd)] -> xpath: //button[contains(text(),'Save Changes')]]
2021-04-01 14:50:13 INFO  Waiting for the element to be clickable : [[ChromeDriver: chrome on XP (904d772f7bf165a6ce5b82ef6b30cdfd)] -> xpath: //button[contains(text(),'Save Changes')]]
2021-04-01 14:50:14 INFO  Clicked on web-element: [[ChromeDriver: chrome on XP (904d772f7bf165a6ce5b82ef6b30cdfd)] -> xpath: //button[contains(text(),'Save Changes')]]
2021-04-01 14:50:14 INFO  Waiting for the element to be visible : [[ChromeDriver: chrome on XP (904d772f7bf165a6ce5b82ef6b30cdfd)] -> xpath: //p[text()='Organizational Group Saved']]
2021-04-01 14:50:37 INFO  The scenario 'Create new Group scenario' completed with status = PASSED
2021-04-01 14:50:37 INFO  Scenario end time: 2021-04-01 14:50:37
2021-04-01 14:50:37 INFO  
2021-04-01 14:50:39 INFO  ****************************
2021-04-01 14:50:39 INFO  Scenario : Update an existing Group scenario
2021-04-01 14:50:39 INFO  Scenario start time: 2021-04-01 14:50:39
2021-04-01 14:50:39 INFO  Launching web application URL: http://node-1.nginx.portal.da-1.clic.qa.aws.veriday.net/login
2021-04-01 14:51:02 INFO  Writing 'da.client.admin@veriday.com' into web-element: [[ChromeDriver: chrome on XP (904d772f7bf165a6ce5b82ef6b30cdfd)] -> xpath: //input[@id='A5755:loginForm:email']]
2021-04-01 14:51:02 INFO  Waiting for the element to be visible : [[ChromeDriver: chrome on XP (904d772f7bf165a6ce5b82ef6b30cdfd)] -> xpath: //input[@id='A5755:loginForm:email']]
2021-04-01 14:51:03 INFO  Writing 'Test12345' into web-element: [[ChromeDriver: chrome on XP (904d772f7bf165a6ce5b82ef6b30cdfd)] -> xpath: //input[@id='A5755:loginForm:password']]
2021-04-01 14:51:03 INFO  Waiting for the element to be visible : [[ChromeDriver: chrome on XP (904d772f7bf165a6ce5b82ef6b30cdfd)] -> xpath: //input[@id='A5755:loginForm:password']]
2021-04-01 14:51:04 INFO  Clicking on web-element: [[ChromeDriver: chrome on XP (904d772f7bf165a6ce5b82ef6b30cdfd)] -> xpath: //input[@id='A5755:loginForm:login']]
2021-04-01 14:51:04 INFO  Waiting for the element to be visible : [[ChromeDriver: chrome on XP (904d772f7bf165a6ce5b82ef6b30cdfd)] -> xpath: //input[@id='A5755:loginForm:login']]
2021-04-01 14:51:04 INFO  Waiting for the element to be clickable : [[ChromeDriver: chrome on XP (904d772f7bf165a6ce5b82ef6b30cdfd)] -> xpath: //input[@id='A5755:loginForm:login']]
2021-04-01 14:51:26 INFO  Clicked on web-element: [[ChromeDriver: chrome on XP (904d772f7bf165a6ce5b82ef6b30cdfd)] -> xpath: //input[@id='A5755:loginForm:login']]
2021-04-01 14:51:27 INFO  Clicking on web-element: [[ChromeDriver: chrome on XP (904d772f7bf165a6ce5b82ef6b30cdfd)] -> xpath: //h3[contains(text(),'Organizational Groups')]]
2021-04-01 14:51:27 INFO  Waiting for the element to be visible : [[ChromeDriver: chrome on XP (904d772f7bf165a6ce5b82ef6b30cdfd)] -> xpath: //h3[contains(text(),'Organizational Groups')]]
2021-04-01 14:51:27 INFO  Waiting for the element to be clickable : [[ChromeDriver: chrome on XP (904d772f7bf165a6ce5b82ef6b30cdfd)] -> xpath: //h3[contains(text(),'Organizational Groups')]]
2021-04-01 14:51:27 INFO  Clicked on web-element: [[ChromeDriver: chrome on XP (904d772f7bf165a6ce5b82ef6b30cdfd)] -> xpath: //h3[contains(text(),'Organizational Groups')]]
2021-04-01 14:51:27 INFO  Finding the element by By.xpath: //a[text()='DrwtKU']
2021-04-01 14:51:52 INFO  Finding the element by By.xpath: //a[text()='DrwtKU']
2021-04-01 14:51:52 INFO  Clicking on web-element: [[ChromeDriver: chrome on XP (904d772f7bf165a6ce5b82ef6b30cdfd)] -> xpath: //a[text()='DrwtKU']]
2021-04-01 14:51:52 INFO  Waiting for the element to be visible : [[ChromeDriver: chrome on XP (904d772f7bf165a6ce5b82ef6b30cdfd)] -> xpath: //a[text()='DrwtKU']]
2021-04-01 14:51:52 INFO  Waiting for the element to be clickable : [[ChromeDriver: chrome on XP (904d772f7bf165a6ce5b82ef6b30cdfd)] -> xpath: //a[text()='DrwtKU']]
2021-04-01 14:51:52 INFO  Clicked on web-element: [[ChromeDriver: chrome on XP (904d772f7bf165a6ce5b82ef6b30cdfd)] -> xpath: //a[text()='DrwtKU']]
2021-04-01 14:51:54 INFO  Waiting for the element to be visible : [[ChromeDriver: chrome on XP (904d772f7bf165a6ce5b82ef6b30cdfd)] -> xpath: //button[contains(text(),'Edit')]]
2021-04-01 14:51:54 INFO  Clicking on web-element: [[ChromeDriver: chrome on XP (904d772f7bf165a6ce5b82ef6b30cdfd)] -> xpath: //button[contains(text(),'Edit')]]
2021-04-01 14:51:54 INFO  Waiting for the element to be visible : [[ChromeDriver: chrome on XP (904d772f7bf165a6ce5b82ef6b30cdfd)] -> xpath: //button[contains(text(),'Edit')]]
2021-04-01 14:51:54 INFO  Waiting for the element to be clickable : [[ChromeDriver: chrome on XP (904d772f7bf165a6ce5b82ef6b30cdfd)] -> xpath: //button[contains(text(),'Edit')]]
2021-04-01 14:51:54 INFO  Clicked on web-element: [[ChromeDriver: chrome on XP (904d772f7bf165a6ce5b82ef6b30cdfd)] -> xpath: //button[contains(text(),'Edit')]]
2021-04-01 14:51:54 INFO  Waiting for the element to be visible : [[ChromeDriver: chrome on XP (904d772f7bf165a6ce5b82ef6b30cdfd)] -> xpath: //select[@id='attribute-value']]
2021-04-01 14:51:54 INFO  Clicking on web-element: [[ChromeDriver: chrome on XP (904d772f7bf165a6ce5b82ef6b30cdfd)] -> xpath: //select[@id='attribute-value']]
2021-04-01 14:51:54 INFO  Waiting for the element to be visible : [[ChromeDriver: chrome on XP (904d772f7bf165a6ce5b82ef6b30cdfd)] -> xpath: //select[@id='attribute-value']]
2021-04-01 14:51:55 INFO  Waiting for the element to be clickable : [[ChromeDriver: chrome on XP (904d772f7bf165a6ce5b82ef6b30cdfd)] -> xpath: //select[@id='attribute-value']]
2021-04-01 14:51:55 INFO  Clicked on web-element: [[ChromeDriver: chrome on XP (904d772f7bf165a6ce5b82ef6b30cdfd)] -> xpath: //select[@id='attribute-value']]
2021-04-01 14:51:55 INFO  The scenario 'Update an existing Group scenario' completed with status = FAILED
2021-04-01 14:51:55 INFO  Scenario end time: 2021-04-01 14:51:55
2021-04-01 14:51:55 INFO  
